Arguments: 
  C:\Program Files\nodejs\node.exe C:\Users\Rizky Bagas\AppData\Roaming\npm\node_modules\yarn\bin\yarn.js

PATH: 
  C:\Users\Rizky Bagas\bin;C:\Program Files\Git\mingw64\bin;C:\Program Files\Git\usr\local\bin;C:\Program Files\Git\usr\bin;C:\Program Files\Git\usr\bin;C:\Program Files\Git\mingw64\bin;C:\Program Files\Git\usr\bin;C:\Users\Rizky Bagas\bin;C:\Windows\system32;C:\Windows;C:\Windows\System32\Wbem;C:\Windows\System32\WindowsPowerShell\v1.0;C:\Windows\System32\OpenSSH;C:\Program Files\Git\cmd;C:\xampp\php;C:\Program Files\nodejs;C:\Users\Rizky Bagas\AppData\Local\Programs\Python\Python39\Scripts;C:\Users\Rizky Bagas\AppData\Local\Programs\Python\Python39;C:\Users\Rizky Bagas\.cargo\bin;C:\Users\Rizky Bagas\AppData\Local\Microsoft\WindowsApps;C:\Users\Rizky Bagas\AppData\Local\Programs\Microsoft VS Code\bin;C:\Users\Rizky Bagas\AppData\Roaming\npm;C:\Program Files\Git\usr\bin\vendor_perl;C:\Program Files\Git\usr\bin\core_perl

Yarn version: 
  1.22.11

Node version: 
  14.17.6

Platform: 
  win32 x64

Trace: 
  Error: EPERM: operation not permitted, unlink 'C:\Users\Rizky Bagas\simplefolio\node_modules\node-sass\vendor\win32-x64-83\binding.node'

npm manifest: 
  {
    "name": "simplefolio",
    "version": "1.0.1",
    "private": "true",
    "description": "A clean, beautiful and responsive portfolio template for Developers!",
    "main": "index.js",
    "scripts": {
      "start": "webpack serve --config webpack.dev.js --open",
      "build": "webpack --config webpack.prod.js"
    },
    "repository": {
      "type": "git",
      "url": "git+https://github.com/cobidev/simplefolio"
    },
    "keywords": [],
    "author": "Jacobo Martinez",
    "license": "ISC",
    "bugs": {
      "url": "https://github.com/cobidev/simplefolio/issues"
    },
    "homepage": "https://github.com/cobidev/simplefolio#readme",
    "devDependencies": {
      "clean-webpack-plugin": "^3.0.0",
      "css-loader": "^5.2.6",
      "file-loader": "^6.2.0",
      "html-loader": "^2.1.2",
      "html-webpack-plugin": "^5.3.2",
      "mini-css-extract-plugin": "^1.6.1",
      "node-sass": "^6.0.1",
      "optimize-css-assets-webpack-plugin": "^6.0.1",
      "prettier": "^2.3.2",
      "sass-loader": "^12.1.0",
      "style-loader": "^3.0.0",
      "webpack": "^5.40.0",
      "webpack-cli": "^4.7.2",
      "webpack-dev-server": "^3.11.2",
      "webpack-merge": "^5.8.0"
    },
    "dependencies": {
      "@popperjs/core": "^2.9.2",
      "bootstrap": "^5.0.2",
      "jquery": "^3.6.0",
      "popper.js": "^1.16.1",
      "tilt.js": "^1.2.1"
    }
  }

yarn manifest: 
  No manifest

Lockfile: 
  No lockfile
